Using pre-set license
Built from '2021.2/staging' branch; Version is '2021.2.6f1 (8c4e826ba445) revision 9195138'; Using compiler version '192829333'; Build Type 'Release'
OS: 'Windows 10  (10.0.19045) 64bit CoreSingleLanguage' Language: 'en' Physical Memory: 10177 MB
BatchMode: 1, IsHumanControllingUs: 0, StartBugReporterOnCrash: 0, Is64bit: 1, IsPro: 0

COMMAND LINE ARGUMENTS:
D:\Unity\2021.2.6f1\Editor\Unity.exe
-adb2
-batchMode
-noUpm
-name
AssetImportWorker0
-projectPath
D:/Unity/GAMEDEV-UI-finals-
-logFile
Logs/AssetImportWorker0.log
-srvPort
59567
Successfully changed project path to: D:/Unity/GAMEDEV-UI-finals-
D:/Unity/GAMEDEV-UI-finals-
[UnityMemory] Configuration Parameters - Can be set up in boot.config
    "memorysetup-bucket-allocator-granularity=16"
    "memorysetup-bucket-allocator-bucket-count=8"
    "memorysetup-bucket-allocator-block-size=33554432"
    "memorysetup-bucket-allocator-block-count=8"
    "memorysetup-main-allocator-block-size=16777216"
    "memorysetup-thread-allocator-block-size=16777216"
    "memorysetup-gfx-main-allocator-block-size=16777216"
    "memorysetup-gfx-thread-allocator-block-size=16777216"
    "memorysetup-cache-allocator-block-size=4194304"
    "memorysetup-typetree-allocator-block-size=2097152"
    "memorysetup-profiler-bucket-allocator-granularity=16"
    "memorysetup-profiler-bucket-allocator-bucket-count=8"
    "memorysetup-profiler-bucket-allocator-block-size=33554432"
    "memorysetup-profiler-bucket-allocator-block-count=8"
    "memorysetup-profiler-allocator-block-size=16777216"
    "memorysetup-profiler-editor-allocator-block-size=1048576"
    "memorysetup-temp-allocator-size-main=16777216"
    "memorysetup-job-temp-allocator-block-size=2097152"
    "memorysetup-job-temp-allocator-block-size-background=1048576"
    "memorysetup-job-temp-allocator-reduction-small-platforms=262144"
    "memorysetup-temp-allocator-size-background-worker=32768"
    "memorysetup-temp-allocator-size-job-worker=262144"
    "memorysetup-temp-allocator-size-preload-manager=33554432"
    "memorysetup-temp-allocator-size-nav-mesh-worker=65536"
    "memorysetup-temp-allocator-size-audio-worker=65536"
    "memorysetup-temp-allocator-size-cloud-worker=32768"
    "memorysetup-temp-allocator-size-gi-baking-worker=262144"
    "memorysetup-temp-allocator-size-gfx=262144"
Refreshing native plugins compatible for Editor in 180.01 ms, found 7 plugins.
Preloading 0 native plugins for Editor in 0.00 ms.
Initialize engine version: 2021.2.6f1 (8c4e826ba445)
[Subsystems] Discovering subsystems at path D:/Unity/2021.2.6f1/Editor/Data/Resources/UnitySubsystems
[Subsystems] Discovering subsystems at path D:/Unity/GAMEDEV-UI-finals-/Assets
GfxDevice: creating device client; threaded=0; jobified=0
Direct3D:
    Version:  Direct3D 11.0 [level 11.1]
    Renderer: AMD Radeon(TM) Vega 8 Graphics (ID=0x15d8)
    Vendor:   ATI
    VRAM:     5088 MB
    Driver:   27.20.11030.11001
Initialize mono
Mono path[0] = 'D:/Unity/2021.2.6f1/Editor/Data/Managed'
Mono path[1] = 'D:/Unity/2021.2.6f1/Editor/Data/MonoBleedingEdge/lib/mono/unityjit-win32'
Mono config path = 'D:/Unity/2021.2.6f1/Editor/Data/MonoBleedingEdge/etc'
Using monoOptions --debugger-agent=transport=dt_socket,embedding=1,server=y,suspend=n,address=127.0.0.1:56044
Begin MonoManager ReloadAssembly
Registering precompiled unity dll's ...
Register platform support module: D:/Unity/2021.2.6f1/Editor/Data/PlaybackEngines/WindowsStandaloneSupport/UnityEditor.WindowsStandalone.Extensions.dll
Registered in 0.004629 seconds.
Native extension for WindowsStandalone target not found
Refreshing native plugins compatible for Editor in 192.34 ms, found 7 plugins.
Preloading 0 native plugins for Editor in 0.00 ms.
Mono: successfully reloaded assembly
- Completed reload, in  1.190 seconds
Domain Reload Profiling:
	ReloadAssembly (1191ms)
		BeginReloadAssembly (171ms)
			ExecutionOrderSort (0ms)
			DisableScriptedObjects (0ms)
			BackupInstance (0ms)
			ReleaseScriptingObjects (0ms)
			CreateAndSetChildDomain (1ms)
		EndReloadAssembly (903ms)
			LoadAssemblies (171ms)
			RebuildTransferFunctionScriptingTraits (0ms)
			SetupTypeCache (187ms)
			ReleaseScriptCaches (0ms)
			RebuildScriptCaches (53ms)
			SetupLoadedEditorAssemblies (573ms)
				LogAssemblyErrors (0ms)
				InitializePlatformSupportModulesInManaged (29ms)
				SetLoadedEditorAssemblies (0ms)
				RefreshPlugins (193ms)
				BeforeProcessingInitializeOnLoad (3ms)
				ProcessInitializeOnLoadAttributes (279ms)
				ProcessInitializeOnLoadMethodAttributes (69ms)
				AfterProcessingInitializeOnLoad (0ms)
				EditorAssembliesLoaded (0ms)
			ExecutionOrderSort2 (0ms)
			AwakeInstancesAfterBackupRestoration (0ms)
Platform modules already initialized, skipping
Registering precompiled user dll's ...
Registered in 0.026616 seconds.
Begin MonoManager ReloadAssembly
Symbol file LoadedFromMemory doesn't match image D:\Unity\GAMEDEV-UI-finals-\Library\PackageCache\com.unity.visualscripting@1.7.5\Editor\VisualScripting.Core\Dependencies\DotNetZip\Unity.VisualScripting.IonicZip.dll
Symbol file LoadedFromMemory doesn't match image D:\Unity\GAMEDEV-UI-finals-\Library\PackageCache\com.unity.visualscripting@1.7.5\Editor\VisualScripting.Core\Dependencies\YamlDotNet\Unity.VisualScripting.YamlDotNet.dll
Native extension for WindowsStandalone target not found
Refreshing native plugins compatible for Editor in 146.16 ms, found 7 plugins.
Preloading 0 native plugins for Editor in 0.00 ms.
Unable to write to 'ProjectSettings\GvhProjectSettings.xml' (System.IO.IOException: Sharing violation on path D:\Unity\GAMEDEV-UI-finals-\ProjectSettings\GvhProjectSettings.xml
  at System.IO.FileStream..ctor (System.String path, System.IO.FileMode mode, System.IO.FileAccess access, System.IO.FileShare share, System.Int32 bufferSize, System.Boolean anonymous, System.IO.FileOptions options) [0x0019e] in <31c0f51ac5a24a22ba784db24f4ba023>:0 
  at System.IO.FileStream..ctor (System.String path, System.IO.FileMode mode, System.IO.FileAccess access, System.IO.FileShare share, System.Int32 bufferSize, System.IO.FileOptions options) [0x00000] in <31c0f51ac5a24a22ba784db24f4ba023>:0 
  at System.IO.FileStream..ctor (System.String path, System.IO.FileMode mode, System.IO.FileAccess access, System.IO.FileShare share, System.Int32 bufferSize, System.Boolean useAsync) [0x00000] in <31c0f51ac5a24a22ba784db24f4ba023>:0 
  at (wrapper remoting-invoke-with-check) System.IO.FileStream..ctor(string,System.IO.FileMode,System.IO.FileAccess,System.IO.FileShare,int,bool)
  at System.Xml.XmlWriterSettings.CreateWriter (System.String outputFileName) [0x00051] in <138af4fab2a847a9af4f471c1fd86612>:0 
  at System.Xml.XmlWriter.Create (System.String outputFileName, System.Xml.XmlWriterSettings settings) [0x0000a] in <138af4fab2a847a9af4f471c1fd86612>:0 
  at Google.ProjectSettings.Save () [0x0006d] in /Users/drsanta/dev/tmp/unity-jar-resolver/source/VersionHandlerImpl/src/ProjectSettings.cs:821 , Project settings were not saved!
UnityEngine.StackTraceUtility:ExtractStackTrace ()
UnityEngine.DebugLogHandler:LogFormat (UnityEngine.LogType,UnityEngine.Object,string,object[])
UnityEngine.Logger:Log (UnityEngine.LogType,object)
UnityEngine.Debug:LogError (object)
Google.Logger:Log (string,Google.LogLevel) (at /Users/drsanta/dev/tmp/unity-jar-resolver/source/VersionHandlerImpl/src/Logger.cs:136)
Google.ProjectSettings:Save () (at /Users/drsanta/dev/tmp/unity-jar-resolver/source/VersionHandlerImpl/src/ProjectSettings.cs:844)
Google.ProjectSettings:SetBool (string,bool,Google.SettingsLocation) (at /Users/drsanta/dev/tmp/unity-jar-resolver/source/VersionHandlerImpl/src/ProjectSettings.cs:485)
Google.ProjectSettings:SetBool (string,bool) (at /Users/drsanta/dev/tmp/unity-jar-resolver/source/VersionHandlerImpl/src/ProjectSettings.cs:497)
Google.IOSResolver:set_VerboseLoggingEnabled (bool) (at /Users/drsanta/dev/tmp/unity-jar-resolver/source/IOSResolver/src/IOSResolver.cs:1040)
Google.IOSResolver:.cctor () (at /Users/drsanta/dev/tmp/unity-jar-resolver/source/IOSResolver/src/IOSResolver.cs:726)
System.Runtime.CompilerServices.RuntimeHelpers:RunClassConstructor (System.RuntimeTypeHandle)
UnityEditor.EditorAssemblies:ProcessInitializeOnLoadAttributes (System.Type[])

(Filename: /Users/drsanta/dev/tmp/unity-jar-resolver/source/VersionHandlerImpl/src/ProjectSettings.cs Line: 844)

Mono: successfully reloaded assembly
- Completed reload, in  3.594 seconds
Domain Reload Profiling:
	ReloadAssembly (3595ms)
		BeginReloadAssembly (203ms)
			ExecutionOrderSort (0ms)
			DisableScriptedObjects (8ms)
			BackupInstance (0ms)
			ReleaseScriptingObjects (0ms)
			CreateAndSetChildDomain (33ms)
		EndReloadAssembly (3235ms)
			LoadAssemblies (186ms)
			RebuildTransferFunctionScriptingTraits (0ms)
			SetupTypeCache (411ms)
			ReleaseScriptCaches (1ms)
			RebuildScriptCaches (99ms)
			SetupLoadedEditorAssemblies (1845ms)
				LogAssemblyErrors (0ms)
				InitializePlatformSupportModulesInManaged (20ms)
				SetLoadedEditorAssemblies (0ms)
				RefreshPlugins (146ms)
				BeforeProcessingInitializeOnLoad (138ms)
				ProcessInitializeOnLoadAttributes (1482ms)
				ProcessInitializeOnLoadMethodAttributes (54ms)
				AfterProcessingInitializeOnLoad (4ms)
				EditorAssembliesLoaded (0ms)
			ExecutionOrderSort2 (0ms)
			AwakeInstancesAfterBackupRestoration (8ms)
Platform modules already initialized, skipping
========================================================================
Worker process is ready to serve import requests
Launched and connected shader compiler UnityShaderCompiler.exe after 0.09 seconds
Refreshing native plugins compatible for Editor in 1.28 ms, found 7 plugins.
Preloading 0 native plugins for Editor in 0.00 ms.
Unloading 4173 Unused Serialized files (Serialized files now loaded: 0)
Unloading 78 unused Assets / (226.9 KB). Loaded Objects now: 4602.
Memory consumption went from 157.7 MB to 157.5 MB.
Total: 7.503800 ms (FindLiveObjects: 0.560400 ms CreateObjectMapping: 0.240600 ms MarkObjects: 6.310300 ms  DeleteObjects: 0.389800 ms)

AssetImportParameters requested are different than current active one (requested -> active):
  custom:video-decoder-ogg-theora: a1e56fd34408186e4bbccfd4996cb3dc -> 
  custom:container-muxer-webm: aa71ff27fc2769a1b78a27578f13a17b -> 
  custom:container-demuxer-webm: 4f35f7cbe854078d1ac9338744f61a02 -> 
  custom:video-encoder-webm-vp8: eb34c28f22e8b96e1ab97ce403110664 -> 
  custom:audio-encoder-webm-vorbis: bf7c407c2cedff20999df2af8eb42d56 -> 
  custom:framework-win-MediaFoundation: 216162199b28c13a410421893ffa2e32 -> 
  custom:container-demuxer-ogg: 62fdf1f143b41e24485cea50d1cbac27 -> 
  custom:video-decoder-webm-vp8: 9c59270c3fd7afecdb556c50c9e8de78 -> 
  custom:audio-decoder-ogg-vorbis: bf7c407c2cedff20999df2af8eb42d56 -> 
========================================================================
Received Prepare
Registering precompiled user dll's ...
Registered in 0.022373 seconds.
Begin MonoManager ReloadAssembly
Symbol file LoadedFromMemory doesn't match image D:\Unity\GAMEDEV-UI-finals-\Library\PackageCache\com.unity.visualscripting@1.7.5\Editor\VisualScripting.Core\Dependencies\DotNetZip\Unity.VisualScripting.IonicZip.dll
Symbol file LoadedFromMemory doesn't match image D:\Unity\GAMEDEV-UI-finals-\Library\PackageCache\com.unity.visualscripting@1.7.5\Editor\VisualScripting.Core\Dependencies\YamlDotNet\Unity.VisualScripting.YamlDotNet.dll
Native extension for WindowsStandalone target not found
Refreshing native plugins compatible for Editor in 1.23 ms, found 7 plugins.
Preloading 0 native plugins for Editor in 0.00 ms.
Mono: successfully reloaded assembly
- Completed reload, in  1.989 seconds
Domain Reload Profiling:
	ReloadAssembly (1990ms)
		BeginReloadAssembly (229ms)
			ExecutionOrderSort (0ms)
			DisableScriptedObjects (10ms)
			BackupInstance (0ms)
			ReleaseScriptingObjects (0ms)
			CreateAndSetChildDomain (57ms)
		EndReloadAssembly (1622ms)
			LoadAssemblies (175ms)
			RebuildTransferFunctionScriptingTraits (0ms)
			SetupTypeCache (353ms)
			ReleaseScriptCaches (2ms)
			RebuildScriptCaches (69ms)
			SetupLoadedEditorAssemblies (696ms)
				LogAssemblyErrors (0ms)
				InitializePlatformSupportModulesInManaged (17ms)
				SetLoadedEditorAssemblies (1ms)
				RefreshPlugins (1ms)
				BeforeProcessingInitializeOnLoad (91ms)
				ProcessInitializeOnLoadAttributes (513ms)
				ProcessInitializeOnLoadMethodAttributes (69ms)
				AfterProcessingInitializeOnLoad (4ms)
				EditorAssembliesLoaded (0ms)
			ExecutionOrderSort2 (0ms)
			AwakeInstancesAfterBackupRestoration (10ms)
Platform modules already initialized, skipping
Refreshing native plugins compatible for Editor in 1.27 ms, found 7 plugins.
Preloading 0 native plugins for Editor in 0.00 ms.
Unloading 4154 Unused Serialized files (Serialized files now loaded: 0)
Unloading 66 unused Assets / (193.9 KB). Loaded Objects now: 4605.
Memory consumption went from 156.3 MB to 156.1 MB.
Total: 6.911300 ms (FindLiveObjects: 0.506100 ms CreateObjectMapping: 0.221500 ms MarkObjects: 5.933300 ms  DeleteObjects: 0.248500 ms)

AssetImportParameters requested are different than current active one (requested -> active):
  custom:video-decoder-ogg-theora: a1e56fd34408186e4bbccfd4996cb3dc -> 
  custom:container-muxer-webm: aa71ff27fc2769a1b78a27578f13a17b -> 
  custom:container-demuxer-webm: 4f35f7cbe854078d1ac9338744f61a02 -> 
  custom:video-encoder-webm-vp8: eb34c28f22e8b96e1ab97ce403110664 -> 
  custom:audio-encoder-webm-vorbis: bf7c407c2cedff20999df2af8eb42d56 -> 
  custom:framework-win-MediaFoundation: 216162199b28c13a410421893ffa2e32 -> 
  custom:container-demuxer-ogg: 62fdf1f143b41e24485cea50d1cbac27 -> 
  custom:video-decoder-webm-vp8: 9c59270c3fd7afecdb556c50c9e8de78 -> 
  custom:audio-decoder-ogg-vorbis: bf7c407c2cedff20999df2af8eb42d56 -> 
========================================================================
Received Import Request.
  Time since last request: 174686.190395 seconds.
  path: Assets/Bounce.physicsMaterial2D
  artifactKey: Guid(205a4498254d69b48a55a599f741d45f) Importer(815301076,1909f56bfc062723c751e8b465ee728b)
Start importing Assets/Bounce.physicsMaterial2D using Guid(205a4498254d69b48a55a599f741d45f) Importer(815301076,1909f56bfc062723c751e8b465ee728b)  -> (artifact id: '980f909e7a85c134abd68b084fec4c0e') in 0.045699 seconds 
========================================================================
Received Import Request.
  Time since last request: 0.000040 seconds.
  path: Assets/interface-124464.mp3
  artifactKey: Guid(7ce775deca06c964f80f335587fd2c26) Importer(815301076,1909f56bfc062723c751e8b465ee728b)
Start importing Assets/interface-124464.mp3 using Guid(7ce775deca06c964f80f335587fd2c26) Importer(815301076,1909f56bfc062723c751e8b465ee728b)  -> (artifact id: '9e52c571cb68b80b7748d72baa0fd05d') in 2.207511 seconds 
========================================================================
Received Import Request.
  Time since last request: 0.000057 seconds.
  path: Assets/Scenes
  artifactKey: Guid(131a6b21c8605f84396be9f6751fb6e3) Importer(815301076,1909f56bfc062723c751e8b465ee728b)
Start importing Assets/Scenes using Guid(131a6b21c8605f84396be9f6751fb6e3) Importer(815301076,1909f56bfc062723c751e8b465ee728b)  -> (artifact id: '4935f35005d3ccd51bf39964504ff1b7') in 0.010816 seconds 
========================================================================
Received Import Request.
  Time since last request: 0.000041 seconds.
  path: Assets/pong board.png
  artifactKey: Guid(e3005905c0eaa304f94666fa71178162) Importer(815301076,1909f56bfc062723c751e8b465ee728b)
Start importing Assets/pong board.png using Guid(e3005905c0eaa304f94666fa71178162) Importer(815301076,1909f56bfc062723c751e8b465ee728b)  -> (artifact id: '614d8409275747d0c7d9fd87b9752fb9') in 0.323306 seconds 
========================================================================
Received Import Request.
  Time since last request: 1.708754 seconds.
  path: Assets/Scenes/Host.unity
  artifactKey: Guid(15ae3138a5718b54b9576f861ae70867) Importer(815301076,1909f56bfc062723c751e8b465ee728b)
Start importing Assets/Scenes/Host.unity using Guid(15ae3138a5718b54b9576f861ae70867) Importer(815301076,1909f56bfc062723c751e8b465ee728b)  -> (artifact id: 'c2cb5a4cfa36dc29bed3b9b777a89c91') in 0.010417 seconds 
========================================================================
Received Import Request.
  Time since last request: 24.356811 seconds.
  path: Assets/AudioManager.cs
  artifactKey: Guid(31bb704e88e4ce84980fd16d4fad2d9c) Importer(815301076,1909f56bfc062723c751e8b465ee728b)
Start importing Assets/AudioManager.cs using Guid(31bb704e88e4ce84980fd16d4fad2d9c) Importer(815301076,1909f56bfc062723c751e8b465ee728b)  -> (artifact id: '7b78462fb8090c178115156151a96f8f') in 0.051170 seconds 
========================================================================
Received Import Request.
  Time since last request: 5.499316 seconds.
  path: Assets/ConnectToServer.cs
  artifactKey: Guid(9d946d97765fd204c925a00f452afa02) Importer(815301076,1909f56bfc062723c751e8b465ee728b)
Start importing Assets/ConnectToServer.cs using Guid(9d946d97765fd204c925a00f452afa02) Importer(815301076,1909f56bfc062723c751e8b465ee728b)  -> (artifact id: '3c66c4d0e329df9fea6c65f37f59cb44') in 0.011819 seconds 
========================================================================
Received Import Request.
  Time since last request: 89.325089 seconds.
  path: Assets/Scenes/Loading.unity
  artifactKey: Guid(b44cf36133211ed49bdb9dbde36df190) Importer(815301076,1909f56bfc062723c751e8b465ee728b)
Start importing Assets/Scenes/Loading.unity using Guid(b44cf36133211ed49bdb9dbde36df190) Importer(815301076,1909f56bfc062723c751e8b465ee728b)  -> (artifact id: '547d4b2462d228d7090becc38e8a48a0') in 0.014186 seconds 
========================================================================
Received Import Request.
  Time since last request: 2.007368 seconds.
  path: Assets/Scenes/Start.unity
  artifactKey: Guid(6c60a5a10fcf71b4f9185af14634839a) Importer(815301076,1909f56bfc062723c751e8b465ee728b)
Start importing Assets/Scenes/Start.unity using Guid(6c60a5a10fcf71b4f9185af14634839a) Importer(815301076,1909f56bfc062723c751e8b465ee728b)  -> (artifact id: 'c47e44c220836b20b375df92f5c2ebbd') in 0.010854 seconds 
========================================================================
Received Prepare
Registering precompiled user dll's ...
Registered in 0.020174 seconds.
Begin MonoManager ReloadAssembly
Symbol file LoadedFromMemory doesn't match image D:\Unity\GAMEDEV-UI-finals-\Library\PackageCache\com.unity.visualscripting@1.7.5\Editor\VisualScripting.Core\Dependencies\DotNetZip\Unity.VisualScripting.IonicZip.dll
Symbol file LoadedFromMemory doesn't match image D:\Unity\GAMEDEV-UI-finals-\Library\PackageCache\com.unity.visualscripting@1.7.5\Editor\VisualScripting.Core\Dependencies\YamlDotNet\Unity.VisualScripting.YamlDotNet.dll
Native extension for WindowsStandalone target not found
Refreshing native plugins compatible for Editor in 1.81 ms, found 7 plugins.
Preloading 0 native plugins for Editor in 0.00 ms.
Unable to write to 'ProjectSettings\GvhProjectSettings.xml' (System.IO.IOException: Sharing violation on path D:\Unity\GAMEDEV-UI-finals-\ProjectSettings\GvhProjectSettings.xml
  at System.IO.FileStream..ctor (System.String path, System.IO.FileMode mode, System.IO.FileAccess access, System.IO.FileShare share, System.Int32 bufferSize, System.Boolean anonymous, System.IO.FileOptions options) [0x0019e] in <31c0f51ac5a24a22ba784db24f4ba023>:0 
  at System.IO.FileStream..ctor (System.String path, System.IO.FileMode mode, System.IO.FileAccess access, System.IO.FileShare share, System.Int32 bufferSize, System.IO.FileOptions options) [0x00000] in <31c0f51ac5a24a22ba784db24f4ba023>:0 
  at System.IO.FileStream..ctor (System.String path, System.IO.FileMode mode, System.IO.FileAccess access, System.IO.FileShare share, System.Int32 bufferSize, System.Boolean useAsync) [0x00000] in <31c0f51ac5a24a22ba784db24f4ba023>:0 
  at (wrapper remoting-invoke-with-check) System.IO.FileStream..ctor(string,System.IO.FileMode,System.IO.FileAccess,System.IO.FileShare,int,bool)
  at System.Xml.XmlWriterSettings.CreateWriter (System.String outputFileName) [0x00051] in <138af4fab2a847a9af4f471c1fd86612>:0 
  at System.Xml.XmlWriter.Create (System.String outputFileName, System.Xml.XmlWriterSettings settings) [0x0000a] in <138af4fab2a847a9af4f471c1fd86612>:0 
  at Google.ProjectSettings.Save () [0x0006d] in /Users/drsanta/dev/tmp/unity-jar-resolver/source/VersionHandlerImpl/src/ProjectSettings.cs:821 , Project settings were not saved!
UnityEngine.StackTraceUtility:ExtractStackTrace ()
UnityEngine.DebugLogHandler:LogFormat (UnityEngine.LogType,UnityEngine.Object,string,object[])
UnityEngine.Logger:Log (UnityEngine.LogType,object)
UnityEngine.Debug:LogError (object)
Google.Logger:Log (string,Google.LogLevel) (at /Users/drsanta/dev/tmp/unity-jar-resolver/source/VersionHandlerImpl/src/Logger.cs:136)
Google.ProjectSettings:Save () (at /Users/drsanta/dev/tmp/unity-jar-resolver/source/VersionHandlerImpl/src/ProjectSettings.cs:844)
Google.ProjectSettings:SetBool (string,bool,Google.SettingsLocation) (at /Users/drsanta/dev/tmp/unity-jar-resolver/source/VersionHandlerImpl/src/ProjectSettings.cs:485)
Google.ProjectSettings:SetBool (string,bool) (at /Users/drsanta/dev/tmp/unity-jar-resolver/source/VersionHandlerImpl/src/ProjectSettings.cs:497)
Google.IOSResolver:set_VerboseLoggingEnabled (bool) (at /Users/drsanta/dev/tmp/unity-jar-resolver/source/IOSResolver/src/IOSResolver.cs:1040)
Google.IOSResolver:.cctor () (at /Users/drsanta/dev/tmp/unity-jar-resolver/source/IOSResolver/src/IOSResolver.cs:726)
System.Runtime.CompilerServices.RuntimeHelpers:RunClassConstructor (System.RuntimeTypeHandle)
UnityEditor.EditorAssemblies:ProcessInitializeOnLoadAttributes (System.Type[])

(Filename: /Users/drsanta/dev/tmp/unity-jar-resolver/source/VersionHandlerImpl/src/ProjectSettings.cs Line: 844)

Mono: successfully reloaded assembly
- Completed reload, in  2.204 seconds
Domain Reload Profiling:
	ReloadAssembly (2205ms)
		BeginReloadAssembly (246ms)
			ExecutionOrderSort (0ms)
			DisableScriptedObjects (13ms)
			BackupInstance (0ms)
			ReleaseScriptingObjects (0ms)
			CreateAndSetChildDomain (62ms)
		EndReloadAssembly (1802ms)
			LoadAssemblies (205ms)
			RebuildTransferFunctionScriptingTraits (0ms)
			SetupTypeCache (473ms)
			ReleaseScriptCaches (3ms)
			RebuildScriptCaches (103ms)
			SetupLoadedEditorAssemblies (951ms)
				LogAssemblyErrors (0ms)
				InitializePlatformSupportModulesInManaged (23ms)
				SetLoadedEditorAssemblies (1ms)
				RefreshPlugins (2ms)
				BeforeProcessingInitializeOnLoad (137ms)
				ProcessInitializeOnLoadAttributes (727ms)
				ProcessInitializeOnLoadMethodAttributes (56ms)
				AfterProcessingInitializeOnLoad (5ms)
				EditorAssembliesLoaded (0ms)
			ExecutionOrderSort2 (0ms)
			AwakeInstancesAfterBackupRestoration (27ms)
Platform modules already initialized, skipping
Refreshing native plugins compatible for Editor in 2.12 ms, found 7 plugins.
Preloading 0 native plugins for Editor in 0.00 ms.
Unloading 4155 Unused Serialized files (Serialized files now loaded: 0)
Unloading 66 unused Assets / (193.8 KB). Loaded Objects now: 4635.
Memory consumption went from 162.2 MB to 162.0 MB.
Total: 7.547400 ms (FindLiveObjects: 0.719700 ms CreateObjectMapping: 0.273800 ms MarkObjects: 6.307200 ms  DeleteObjects: 0.244100 ms)

AssetImportParameters requested are different than current active one (requested -> active):
  custom:video-decoder-ogg-theora: a1e56fd34408186e4bbccfd4996cb3dc -> 
  custom:container-muxer-webm: aa71ff27fc2769a1b78a27578f13a17b -> 
  custom:container-demuxer-webm: 4f35f7cbe854078d1ac9338744f61a02 -> 
  custom:video-encoder-webm-vp8: eb34c28f22e8b96e1ab97ce403110664 -> 
  custom:audio-encoder-webm-vorbis: bf7c407c2cedff20999df2af8eb42d56 -> 
  custom:framework-win-MediaFoundation: 216162199b28c13a410421893ffa2e32 -> 
  custom:container-demuxer-ogg: 62fdf1f143b41e24485cea50d1cbac27 -> 
  custom:video-decoder-webm-vp8: 9c59270c3fd7afecdb556c50c9e8de78 -> 
  custom:audio-decoder-ogg-vorbis: bf7c407c2cedff20999df2af8eb42d56 -> 
========================================================================
Received Import Request.
  Time since last request: 29.688973 seconds.
  path: Assets/Signup.cs
  artifactKey: Guid(0fb6595c6058f3549b7f95447b6f2e95) Importer(815301076,1909f56bfc062723c751e8b465ee728b)
Start importing Assets/Signup.cs using Guid(0fb6595c6058f3549b7f95447b6f2e95) Importer(815301076,1909f56bfc062723c751e8b465ee728b)  -> (artifact id: 'cbe99adaa974987c52e680e4288430c2') in 0.017941 seconds 
========================================================================
Received Prepare
Registering precompiled user dll's ...
Registered in 0.020851 seconds.
Begin MonoManager ReloadAssembly
Symbol file LoadedFromMemory doesn't match image D:\Unity\GAMEDEV-UI-finals-\Library\PackageCache\com.unity.visualscripting@1.7.5\Editor\VisualScripting.Core\Dependencies\DotNetZip\Unity.VisualScripting.IonicZip.dll
Symbol file LoadedFromMemory doesn't match image D:\Unity\GAMEDEV-UI-finals-\Library\PackageCache\com.unity.visualscripting@1.7.5\Editor\VisualScripting.Core\Dependencies\YamlDotNet\Unity.VisualScripting.YamlDotNet.dll
Native extension for WindowsStandalone target not found
Refreshing native plugins compatible for Editor in 2.81 ms, found 7 plugins.
Preloading 0 native plugins for Editor in 0.00 ms.
Mono: successfully reloaded assembly
- Completed reload, in  2.444 seconds
Domain Reload Profiling:
	ReloadAssembly (2681ms)
		BeginReloadAssembly (483ms)
			ExecutionOrderSort (0ms)
			DisableScriptedObjects (16ms)
			BackupInstance (0ms)
			ReleaseScriptingObjects (0ms)
			CreateAndSetChildDomain (59ms)
		EndReloadAssembly (1991ms)
			LoadAssemblies (221ms)
			RebuildTransferFunctionScriptingTraits (0ms)
			SetupTypeCache (517ms)
			ReleaseScriptCaches (3ms)
			RebuildScriptCaches (108ms)
			SetupLoadedEditorAssemblies (1043ms)
				LogAssemblyErrors (0ms)
				InitializePlatformSupportModulesInManaged (28ms)
				SetLoadedEditorAssemblies (1ms)
				RefreshPlugins (3ms)
				BeforeProcessingInitializeOnLoad (142ms)
				ProcessInitializeOnLoadAttributes (785ms)
				ProcessInitializeOnLoadMethodAttributes (79ms)
				AfterProcessingInitializeOnLoad (5ms)
				EditorAssembliesLoaded (0ms)
			ExecutionOrderSort2 (0ms)
			AwakeInstancesAfterBackupRestoration (32ms)
Platform modules already initialized, skipping
Refreshing native plugins compatible for Editor in 2.09 ms, found 7 plugins.
Preloading 0 native plugins for Editor in 0.00 ms.
Unloading 4154 Unused Serialized files (Serialized files now loaded: 0)
Unloading 66 unused Assets / (193.9 KB). Loaded Objects now: 4638.
Memory consumption went from 162.1 MB to 161.9 MB.
Total: 7.022200 ms (FindLiveObjects: 0.629900 ms CreateObjectMapping: 0.261900 ms MarkObjects: 5.883500 ms  DeleteObjects: 0.244800 ms)

AssetImportParameters requested are different than current active one (requested -> active):
  custom:video-decoder-ogg-theora: a1e56fd34408186e4bbccfd4996cb3dc -> 
  custom:container-muxer-webm: aa71ff27fc2769a1b78a27578f13a17b -> 
  custom:container-demuxer-webm: 4f35f7cbe854078d1ac9338744f61a02 -> 
  custom:video-encoder-webm-vp8: eb34c28f22e8b96e1ab97ce403110664 -> 
  custom:audio-encoder-webm-vorbis: bf7c407c2cedff20999df2af8eb42d56 -> 
  custom:framework-win-MediaFoundation: 216162199b28c13a410421893ffa2e32 -> 
  custom:container-demuxer-ogg: 62fdf1f143b41e24485cea50d1cbac27 -> 
  custom:video-decoder-webm-vp8: 9c59270c3fd7afecdb556c50c9e8de78 -> 
  custom:audio-decoder-ogg-vorbis: bf7c407c2cedff20999df2af8eb42d56 -> 
========================================================================
Received Import Request.
  Time since last request: 47.458999 seconds.
  path: Assets/Scenes/Game.unity
  artifactKey: Guid(ec7d0eadcdcc92b489d6a634659bd5ae) Importer(815301076,1909f56bfc062723c751e8b465ee728b)
Start importing Assets/Scenes/Game.unity using Guid(ec7d0eadcdcc92b489d6a634659bd5ae) Importer(815301076,1909f56bfc062723c751e8b465ee728b)  -> (artifact id: '07a85168658c98c5fc80a3703c14211b') in 0.027171 seconds 
========================================================================
Received Import Request.
  Time since last request: 9.682884 seconds.
  path: Assets/IMG
  artifactKey: Guid(1d067c19425cc7e41abb71f5afd5a82d) Importer(815301076,1909f56bfc062723c751e8b465ee728b)
Start importing Assets/IMG using Guid(1d067c19425cc7e41abb71f5afd5a82d) Importer(815301076,1909f56bfc062723c751e8b465ee728b)  -> (artifact id: '52e649370d5715a8a8b2fd2a6ef878fb') in 0.009898 seconds 
========================================================================
Received Import Request.
  Time since last request: 0.000058 seconds.
  path: Assets/IMG/SIGNUP.png
  artifactKey: Guid(32bb8e71180082340a6b96029003023b) Importer(815301076,1909f56bfc062723c751e8b465ee728b)
Start importing Assets/IMG/SIGNUP.png using Guid(32bb8e71180082340a6b96029003023b) Importer(815301076,1909f56bfc062723c751e8b465ee728b)  -> (artifact id: 'c183b9b6e50dadf6e5afdba942f40f33') in 0.147510 seconds 
========================================================================
Received Import Request.
  Time since last request: 0.000047 seconds.
  path: Assets/IMG/START.png
  artifactKey: Guid(36be08b89fd74a1489e22e06d55596ad) Importer(815301076,1909f56bfc062723c751e8b465ee728b)
Start importing Assets/IMG/START.png using Guid(36be08b89fd74a1489e22e06d55596ad) Importer(815301076,1909f56bfc062723c751e8b465ee728b)  -> (artifact id: '6edffa52fe695e3c21dc967e639d7f70') in 0.069415 seconds 
========================================================================
Received Import Request.
  Time since last request: 0.000072 seconds.
  path: Assets/IMG/LOGIN.png
  artifactKey: Guid(4999f5f8a8eeb3d45b9cb07032caa940) Importer(815301076,1909f56bfc062723c751e8b465ee728b)
Start importing Assets/IMG/LOGIN.png using Guid(4999f5f8a8eeb3d45b9cb07032caa940) Importer(815301076,1909f56bfc062723c751e8b465ee728b)  -> (artifact id: 'e77856fa33536a2807d956494732b556') in 0.054295 seconds 
========================================================================
Received Import Request.
  Time since last request: 0.000037 seconds.
  path: Assets/IMG/JOIN.png
  artifactKey: Guid(f60883831d07d0e45b8adda468f1b24b) Importer(815301076,1909f56bfc062723c751e8b465ee728b)
Start importing Assets/IMG/JOIN.png using Guid(f60883831d07d0e45b8adda468f1b24b) Importer(815301076,1909f56bfc062723c751e8b465ee728b)  -> (artifact id: '53eca49ade4afa53520a929ecc851219') in 0.039993 seconds 
========================================================================
Received Import Request.
  Time since last request: 0.000031 seconds.
  path: Assets/IMG/POKEMON.png
  artifactKey: Guid(daa48b5f1ec9ea94eaddecdf1835379e) Importer(815301076,1909f56bfc062723c751e8b465ee728b)
Start importing Assets/IMG/POKEMON.png using Guid(daa48b5f1ec9ea94eaddecdf1835379e) Importer(815301076,1909f56bfc062723c751e8b465ee728b)  -> (artifact id: '98d145e553984cbb2be9f16363ea8a9d') in 0.229878 seconds 
========================================================================
Received Import Request.
  Time since last request: 0.000033 seconds.
  path: Assets/IMG/pokeball.png
  artifactKey: Guid(e5dba5374aac6a5499a8b0bf3d6dfaf4) Importer(815301076,1909f56bfc062723c751e8b465ee728b)
Start importing Assets/IMG/pokeball.png using Guid(e5dba5374aac6a5499a8b0bf3d6dfaf4) Importer(815301076,1909f56bfc062723c751e8b465ee728b)  -> (artifact id: '26dfc17f6cb67bf58b310b220260616b') in 0.025232 seconds 
========================================================================
Received Import Request.
  Time since last request: 0.000115 seconds.
  path: Assets/IMG/CANCEL.png
  artifactKey: Guid(0b419d11dff42604e8a315e2ce775f9e) Importer(815301076,1909f56bfc062723c751e8b465ee728b)
Start importing Assets/IMG/CANCEL.png using Guid(0b419d11dff42604e8a315e2ce775f9e) Importer(815301076,1909f56bfc062723c751e8b465ee728b)  -> (artifact id: 'e08fe75102004ae7c9e57911980382c3') in 0.351766 seconds 
========================================================================
Received Import Request.
  Time since last request: 0.000038 seconds.
  path: Assets/IMG/EXIT.png
  artifactKey: Guid(509aea9f6c36e5840aa043c2c29e5425) Importer(815301076,1909f56bfc062723c751e8b465ee728b)
Start importing Assets/IMG/EXIT.png using Guid(509aea9f6c36e5840aa043c2c29e5425) Importer(815301076,1909f56bfc062723c751e8b465ee728b)  -> (artifact id: '48085527e9cae3a17292ba0c9654faa3') in 0.050623 seconds 
========================================================================
Received Import Request.
  Time since last request: 7.417454 seconds.
  path: Assets/IMG/Untitled design.png
  artifactKey: Guid(e869bcb1ac5c7ef4da0f9de8bdb2b656) Importer(815301076,1909f56bfc062723c751e8b465ee728b)
Start importing Assets/IMG/Untitled design.png using Guid(e869bcb1ac5c7ef4da0f9de8bdb2b656) Importer(815301076,1909f56bfc062723c751e8b465ee728b)  -> (artifact id: '6e9e0317cee08436c6c9f3977f94484d') in 0.194503 seconds 
